#
# A fatal error has been detected by the Java Runtime Environment:
#
#  EXCEPTION_ACCESS_VIOLATION (0xc0000005) at pc=0x0000000000010000, pid=10364, tid=15740
#
# JRE version: OpenJDK Runtime Environment Temurin-17.0.13+11 (17.0.13+11) (build 17.0.13+11)
# Java VM: OpenJDK 64-Bit Server VM Temurin-17.0.13+11 (17.0.13+11, mixed mode, tiered, compressed oops, compressed class ptrs, parallel gc, windows-amd64)
# Problematic frame:
# V  [jvm.dll+0x6b6f52]
#
# No core dump will be written. Minidumps are not enabled by default on client versions of Windows
#
# If you would like to submit a bug report, please visit:
#   https://github.com/adoptium/adoptium-support/issues
#

---------------  S U M M A R Y ------------

Command Line: --add-modules=ALL-SYSTEM --add-opens=java.base/java.util=ALL-UNNAMED --add-opens=java.base/java.lang=ALL-UNNAMED --add-opens=java.base/sun.nio.fs=ALL-UNNAMED -Declipse.application=org.eclipse.jdt.ls.core.id1 -Dosgi.bundles.defaultStartLevel=4 -Declipse.product=org.eclipse.jdt.ls.core.product -Djava.import.generatesMetadataFilesAtProjectRoot=false -DDetectVMInstallationsJob.disabled=true -Dfile.encoding=utf8 -XX:+UseParallelGC -XX:GCTimeRatio=4 -XX:AdaptiveSizePolicyWeight=90 -Dsun.zip.disableMemoryMapping=true -Xmx1G -Xms100m -Xlog:disable -javaagent:c:\Users\E2Ps ICT\.vscode\extensions\redhat.java-1.37.0-win32-x64\lombok\lombok-1.18.34.jar -XX:+HeapDumpOnOutOfMemoryError -XX:HeapDumpPath=c:\Users\E2Ps ICT\AppData\Roaming\Code\User\workspaceStorage\9a3eb8ab1db20d469196ac4ea7286abb\redhat.java -Daether.dependencyCollector.impl=bf c:\Users\E2Ps ICT\.vscode\extensions\redhat.java-1.37.0-win32-x64\server\plugins\org.eclipse.equinox.launcher_1.6.900.v20240613-2009.jar -configuration c:\Users\E2Ps ICT\AppData\Roaming\Code\User\globalStorage\redhat.java\1.37.0\config_win -data c:\Users\E2Ps ICT\AppData\Roaming\Code\User\workspaceStorage\9a3eb8ab1db20d469196ac4ea7286abb\redhat.java\jdt_ws --pipe=\\.\pipe\lsp-c9abfdfdff00ad5572113a12632c2457-sock

Host: 12th Gen Intel(R) Core(TM) i7-12700K, 20 cores, 31G,  Windows 11 , 64 bit Build 22621 (10.0.22621.4391)
Time: Mon Dec  2 09:48:09 2024 Malay Peninsula Standard Time elapsed time: 5209.195029 seconds (0d 1h 26m 49s)

---------------  T H R E A D  ---------------

Current thread (0x00000175c8ce0b10):  GCTaskThread "GC Thread#10" [stack: 0x00000044b1200000,0x00000044b1300000] [id=15740]

Stack: [0x00000044b1200000,0x00000044b1300000],  sp=0x00000044b12ffa10,  free space=1022k
Native frames: (J=compiled Java code, j=interpreted, Vv=VM code, C=native code)
C  0x0000000000010000


siginfo: EXCEPTION_ACCESS_VIOLATION (0xc0000005), data execution prevention violation at address 0x0000000000010000


Registers:
RAX=0x00000175c1000018, RBX=0x00000000c34cff88, RCX=0x0000000100001b58, RDX=0x00000000c34cff88
RSP=0x00000044b12ffa08, RBP=0x00000044b12ffb00, RSI=0x00000000c34ceca8, RDI=0x00000175c56a0920
R8 =0x0000000100001b58, R9 =0x0000000000000000, R10=0x00000000c34cf3f0, R11=0x0000000000000069
R12=0x00007ff84a7a5840, R13=0x0000000000000000, R14=0x0000000100487248, R15=0x00000000c34cec78
RIP=0x0000000000010000, EFLAGS=0x0000000000010246


Register to memory mapping:

RIP=0x0000000000010000 is an unknown value
RAX=0x00000175c1000018 is pointing into metadata
RBX=
[error occurred during error reporting (printing register info), id 0xc0000005, EXCEPTION_ACCESS_VIOLATION (0xc0000005) at pc=0x0000000000010000]

Top of Stack: (sp=0x00000044b12ffa08)
0x00000044b12ffa08:   00007ff84a326f52 00000000c34cf3f0
0x00000044b12ffa18:   0000000000000006 00000044b12ffb00
0x00000044b12ffa28:   00007ff84a325c49 00000175c56a0920
0x00000044b12ffa38:   00007ff84a324702 00000000c34cff88
0x00000044b12ffa48:   00007ff84a326f7d 00000000c34cef98
0x00000044b12ffa58:   0000000000000003 0000000100487240
0x00000044b12ffa68:   00007ff84a324f7e 00000000c34ceca0
0x00000044b12ffa78:   00007ff84a326494 00000000c34cef94
0x00000044b12ffa88:   00007ff84a7a5840 00007ff84a590b90
0x00000044b12ffa98:   00007ff84a626448 0000000000004935
0x00000044b12ffaa8:   00007ff84a3267a4 0000000000000010
0x00000044b12ffab8:   00000175c56a0920 000000000000000c
0x00000044b12ffac8:   00007ff84a326f7d 00000000c34c3260
0x00000044b12ffad8:   0000000000000007 00000044b12ffba0
0x00000044b12ffae8:   00007ff84a325c49 00000175c56a0920
0x00000044b12ffaf8:   00007ff84a324711 00007ff84a626448
0x00000044b12ffb08:   00000175ac763220 0000000000000003
0x00000044b12ffb18:   00000175c56a0920 0000000000000000
0x00000044b12ffb28:   0000000000000000 00000044adffeea8
0x00000044b12ffb38:   0000000000000009 00007ff84a626448
0x00000044b12ffb48:   0000000000000010 00000000c2975720
0x00000044b12ffb58:   00000175c56a0920 00000000c2a5c288
0x00000044b12ffb68:   00007ff84a32da91 00000175c56a0920
0x00000044b12ffb78:   00007ff84a7a5840 00000000c2a5c288
0x00000044b12ffb88:   00007ff84a7a5840 00000000c29fc278
0x00000044b12ffb98:   0000000000017800 00007ff84a626448
0x00000044b12ffba8:   00000175ac763220 0000000000000003
0x00000044b12ffbb8:   00000175c56a0920 0000000000000009
0x00000044b12ffbc8:   00000044adffeea0 00000044adffee68
0x00000044b12ffbd8:   00000044adffed60 00000044adffed60
0x00000044b12ffbe8:   00007ff84a32eb0a 0000000000000005
0x00000044b12ffbf8:   00000044b12ffc70 00000000c3475f38 

Instructions: (pc=0x00007ff84a326f52)
0x00007ff84a326e52:   c0 b9 78 08 00 00 41 8d 50 05 e8 6f 06 9f ff 4c
0x00007ff84a326e62:   8b 64 24 68 48 85 c0 74 0d 48 8b c8 e8 8d ef ff
0x00007ff84a326e72:   ff 48 8b c8 eb 03 48 8b cb 48 8b 05 be f8 4e 00
0x00007ff84a326e82:   ba 02 00 00 00 49 89 0c 07 44 8d 42 03 8d 4a 16
0x00007ff84a326e92:   e8 e9 04 9f ff 4c 8b 7c 24 30 48 8b f8 48 85 c0
0x00007ff84a326ea2:   74 3e ba 08 00 00 00 8d 4a 02 44 8d 42 fd e8 0b
0x00007ff84a326eb2:   59 c9 ff 89 1f 0f 57 c0 c7 47 04 0a 00 00 00 48
0x00007ff84a326ec2:   89 47 08 0f 11 00 0f 11 40 10 0f 11 40 20 0f 11
0x00007ff84a326ed2:   40 30 0f 11 40 40 48 c7 47 10 0b 00 00 00 eb 03
0x00007ff84a326ee2:   48 8b fb 45 33 c0 48 89 3d 89 f8 4e 00 41 8d 50
0x00007ff84a326ef2:   15 8d 4a 2b e8 d5 05 9f ff 48 8b 7c 24 60 48 85
0x00007ff84a326f02:   c0 74 28 41 b1 01 89 5c 24 20 4c 8d 05 95 f5 2f
0x00007ff84a326f12:   00 ba 16 00 00 00 48 8b c8 e8 c0 c0 f9 ff 48 89
0x00007ff84a326f22:   05 59 f8 4e 00 48 83 c4 40 5b c3 48 89 1d 4c f8
0x00007ff84a326f32:   4e 00 48 83 c4 40 5b c3 cc cc cc cc cc cc 48 89
0x00007ff84a326f42:   5c 24 08 57 48 83 ec 20 48 8b d9 e8 4e 56 95 ff
0x00007ff84a326f52:   48 63 f8 48 8d 0d e4 f9 4e 00 4c 8b c7 48 8b d3
0x00007ff84a326f62:   e8 39 5e fd ff 84 c0 74 1f 4c 8b c7 48 8d 0d 0b
0x00007ff84a326f72:   fa 4e 00 48 8b d3 e8 43 25 00 00 b0 01 48 8b 5c
0x00007ff84a326f82:   24 30 48 83 c4 20 5f c3 48 8b 5c 24 30 32 c0 48
0x00007ff84a326f92:   83 c4 20 5f c3 cc cc cc cc cc cc cc cc cc 48 89
0x00007ff84a326fa2:   5c 24 08 57 48 83 ec 20 48 8b 1d cf f7 4e 00 48
0x00007ff84a326fb2:   8b f9 48 85 db 74 08 48 8b cb e8 bf c2 f9 ff 4c
0x00007ff84a326fc2:   8b 05 b0 f7 4e 00 41 83 38 00 75 27 66 90 8b 47
0x00007ff84a326fd2:   1c 3b 05 2b fb 2f 00 73 47 ba 01 00 00 00 48 8b
0x00007ff84a326fe2:   cb e8 18 c6 f9 ff 4c 8b 05 89 f7 4e 00 41 83 38
0x00007ff84a326ff2:   00 74 db 49 63 10 8d 42 ff 41 89 00 49 8b 40 08
0x00007ff84a327002:   48 8b 7c d0 f8 48 85 db 74 08 48 8b cb e8 1c c4
0x00007ff84a327012:   f9 ff 48 8b 5c 24 30 48 8b c7 48 83 c4 20 5f c3
0x00007ff84a327022:   48 c7 c7 ff ff ff ff eb dc cc cc cc cc cc 40 57
0x00007ff84a327032:   48 83 ec 20 44 8b 89 80 00 00 00 48 8b fa 8b 81
0x00007ff84a327042:   00 01 00 00 45 8b c1 44 2b c0 41 81 e0 ff ff 01 


Stack slot to memory mapping:
stack at sp + 0 slots: 0x00000000c34cf3f0 is an oop: com.google.gson.internal.LinkedTreeMap$Node 
{0x00000000c34cf3f0} - klass: 'com/google/gson/internal/LinkedTreeMap$Node'
 - ---- fields (total size 6 words):
 - 'height' 'I' @12  1
 - final 'allowNullValue' 'Z' @16  true
 - 'parent' 'Lcom/google/gson/internal/LinkedTreeMap$Node;' @20  a 'com/google/gson/internal/LinkedTreeMap$Node'{0x00000000c34cf3c0} (c34cf3c0)
 - 'left' 'Lcom/google/gson/internal/LinkedTreeMap$Node;' @24  NULL (0)
 - 'right' 'Lcom/google/gson/internal/LinkedTreeMap$Node;' @28  NULL (0)
 - 'next' 'Lcom/google/gson/internal/LinkedTreeMap$Node;' @32  a 'com/google/gson/internal/LinkedTreeMap$Node'{0x00000000c34cf3c0} (c34cf3c0)
 - 'prev' 'Lcom/google/gson/internal/LinkedTreeMap$Node;' @36  a 'com/google/gson/internal/LinkedTreeMap$Node'{0x00000000c34cec78} (c34cec78)
 - final 'key' 'Ljava/lang/Object;' @40  "N~testComplete()"{0x00000000c34cf420} (c34cf420)
 - 'value' 'Ljava/lang/Object;' @44  a 'java/lang/String'[][1] {0x00000000c34cf458} (c34cf458)
stack at sp + 1 slots: 0x0000000000000006 is an unknown value
stack at sp + 2 slots: 0x00000044b12ffb00 points into unknown readable memory: 0x00007ff84a626448 | 48 64 62 4a f8 7f 00 00
stack at sp + 3 slots: 0x00007ff84a325c49 jvm.dll
stack at sp + 4 slots: 0x00000175c56a0920 points into unknown readable memory: 0x00000175c05b9330 | 30 93 5b c0 75 01 00 00
stack at sp + 5 slots: 0x00007ff84a324702 jvm.dll
stack at sp + 6 slots: 
[error occurred during error reporting (inspecting top of stack), id 0xc0000005, EXCEPTION_ACCESS_VIOLATION (0xc0000005) at pc=0x0000000000010000]


---------------  P R O C E S S  ---------------

Threads class SMR info:
_java_thread_list=0x00000175cbb850e0, length=85, elements={
0x00000175ac74b860, 0x00000175c05d4010, 0x00000175ac7fc780, 0x00000175c05de2f0,
0x00000175c57ab010, 0x00000175c57ac540, 0x00000175c57ae920, 0x00000175c57be240,
0x00000175c57c53c0, 0x00000175c57c84f0, 0x00000175c5910410, 0x00000175c8014100,
0x00000175c8bbbec0, 0x00000175c8bbaf90, 0x00000175c8bbd810, 0x00000175c8bbb4a0,
0x00000175c8dca330, 0x00000175c8dc9e20, 0x00000175c8dc4300, 0x00000175c8dc4d20,
0x00000175c8dcb770, 0x00000175c8dcad50, 0x00000175c8dcbc80, 0x00000175c8dc7090,
0x00000175c8dc6b80, 0x00000175c8dc4810, 0x00000175c8dc5230, 0x00000175c8dc6160,
0x00000175c8dc5740, 0x00000175c8dc75a0, 0x00000175c8dc7ab0, 0x00000175ca33adf0,
0x00000175ca33e5a0, 0x00000175ca33bd20, 0x00000175ca33d670, 0x00000175ca33eab0,
0x00000175ca33b300, 0x00000175ca33db80, 0x00000175ca33efc0, 0x00000175ca33c230,
0x00000175ca33f4d0, 0x00000175ca33b810, 0x00000175ca338a80, 0x00000175ca33c740,
0x00000175ca338570, 0x00000175d7527a90, 0x00000175c7f9eae0, 0x00000175d752b240,
0x00000175d7527fa0, 0x00000175d752d0a0, 0x00000175d752e9f0, 0x00000175d7528ed0,
0x00000175d752cb90, 0x00000175d752ad30, 0x00000175d752dac0, 0x00000175d752b750,
0x00000175d7529e00, 0x00000175d752dfd0, 0x00000175d752bc60, 0x00000175d752c170,
0x00000175d752f410, 0x00000175d75284b0, 0x00000175d75289c0, 0x00000175d8dfd560,
0x00000175d8dfe490, 0x00000175d8dfe9a0, 0x00000175d8dfb700, 0x00000175d8e00d10,
0x00000175d8dff3c0, 0x00000175d8e01220, 0x00000175d8dfa2c0, 0x00000175d8dffde0,
0x00000175d8dff8d0, 0x00000175d8e002f0, 0x00000175d8dfb1f0, 0x00000175d8dfbc10,
0x00000175d8dfcb40, 0x00000175d8dfd050, 0x00000175d8dfda70, 0x00000175c7fa2290,
0x00000175c7fa5020, 0x00000175c7fa0430, 0x00000175c7f9fa10, 0x00000175c7f9ff20,
0x00000175c7f9e0c0
}

Java Threads: ( => current thread )
  0x00000175ac74b860 JavaThread "main" [_thread_blocked, id=3140, stack(0x00000044add00000,0x00000044ade00000)]
  0x00000175c05d4010 JavaThread "Reference Handler" daemon [_thread_blocked, id=7264, stack(0x00000044ae000000,0x00000044ae100000)]
  0x00000175ac7fc780 JavaThread "Finalizer" daemon [_thread_blocked, id=8328, stack(0x00000044ae100000,0x00000044ae200000)]
  0x00000175c05de2f0 JavaThread "Signal Dispatcher" daemon [_thread_blocked, id=3560, stack(0x00000044ae200000,0x00000044ae300000)]
  0x00000175c57ab010 JavaThread "Attach Listener" daemon [_thread_blocked, id=13268, stack(0x00000044ae300000,0x00000044ae400000)]
  0x00000175c57ac540 JavaThread "Service Thread" daemon [_thread_blocked, id=2284, stack(0x00000044ae400000,0x00000044ae500000)]
  0x00000175c57ae920 JavaThread "Monitor Deflation Thread" daemon [_thread_blocked, id=2260, stack(0x00000044ae500000,0x00000044ae600000)]
  0x00000175c57be240 JavaThread "C2 CompilerThread0" daemon [_thread_blocked, id=1248, stack(0x00000044ae600000,0x00000044ae700000)]
  0x00000175c57c53c0 JavaThread "C1 CompilerThread0" daemon [_thread_blocked, id=9420, stack(0x00000044ae700000,0x00000044ae800000)]
  0x00000175c57c84f0 JavaThread "Sweeper thread" daemon [_thread_blocked, id=2392, stack(0x00000044ae800000,0x00000044ae900000)]
  0x00000175c5910410 JavaThread "Common-Cleaner" daemon [_thread_blocked, id=14020, stack(0x00000044ae900000,0x00000044aea00000)]
  0x00000175c8014100 JavaThread "Notification Thread" daemon [_thread_blocked, id=15992, stack(0x00000044aee00000,0x00000044aef00000)]
  0x00000175c8bbbec0 JavaThread "Active Thread: Equinox Container: 712aaf7e-1324-4289-b6d1-e0b6d63771be" [_thread_blocked, id=10200, stack(0x00000044afc00000,0x00000044afd00000)]
  0x00000175c8bbaf90 JavaThread "Framework Event Dispatcher: Equinox Container: 712aaf7e-1324-4289-b6d1-e0b6d63771be" daemon [_thread_blocked, id=12144, stack(0x00000044aeb00000,0x00000044aec00000)]
  0x00000175c8bbd810 JavaThread "Start Level: Equinox Container: 712aaf7e-1324-4289-b6d1-e0b6d63771be" daemon [_thread_blocked, id=7340, stack(0x00000044aec00000,0x00000044aed00000)]
  0x00000175c8bbb4a0 JavaThread "Refresh Thread: Equinox Container: 712aaf7e-1324-4289-b6d1-e0b6d63771be" daemon [_thread_blocked, id=14560, stack(0x00000044aff00000,0x00000044b0000000)]
  0x00000175c8dca330 JavaThread "Bundle File Closer" daemon [_thread_blocked, id=444, stack(0x00000044b1000000,0x00000044b1100000)]
  0x00000175c8dc9e20 JavaThread "SCR Component Actor" daemon [_thread_blocked, id=15384, stack(0x00000044aea00000,0x00000044aeb00000)]
  0x00000175c8dc4300 JavaThread "Worker-JM" [_thread_blocked, id=1644, stack(0x00000044b1500000,0x00000044b1600000)]
  0x00000175c8dc4d20 JavaThread "JNA Cleaner" daemon [_thread_blocked, id=14420, stack(0x00000044b1600000,0x00000044b1700000)]
  0x00000175c8dcb770 JavaThread "Java indexing" daemon [_thread_blocked, id=11168, stack(0x00000044b1f00000,0x00000044b2000000)]
  0x00000175c8dcad50 JavaThread "Thread-2" daemon [_thread_in_native, id=2984, stack(0x00000044b2000000,0x00000044b2100000)]
  0x00000175c8dcbc80 JavaThread "Thread-3" daemon [_thread_in_native, id=17120, stack(0x00000044b2100000,0x00000044b2200000)]
  0x00000175c8dc7090 JavaThread "Thread-4" daemon [_thread_in_native, id=11464, stack(0x00000044b2200000,0x00000044b2300000)]
  0x00000175c8dc6b80 JavaThread "Thread-5" daemon [_thread_in_native, id=15412, stack(0x00000044b2300000,0x00000044b2400000)]
  0x00000175c8dc4810 JavaThread "Thread-6" daemon [_thread_in_native, id=15716, stack(0x00000044b2400000,0x00000044b2500000)]
  0x00000175c8dc5230 JavaThread "Thread-7" daemon [_thread_in_native, id=8408, stack(0x00000044b2500000,0x00000044b2600000)]
  0x00000175c8dc6160 JavaThread "Thread-8" daemon [_thread_in_native, id=6744, stack(0x00000044b2600000,0x00000044b2700000)]
  0x00000175c8dc5740 JavaThread "Thread-9" daemon [_thread_in_native, id=14012, stack(0x00000044b2700000,0x00000044b2800000)]
  0x00000175c8dc75a0 JavaThread "Thread-10" daemon [_thread_in_native, id=11456, stack(0x00000044b2800000,0x00000044b2900000)]
  0x00000175c8dc7ab0 JavaThread "Thread-11" daemon [_thread_in_native, id=7612, stack(0x00000044b2900000,0x00000044b2a00000)]
  0x00000175ca33adf0 JavaThread "Thread-12" daemon [_thread_in_native, id=11584, stack(0x00000044b2a00000,0x00000044b2b00000)]
  0x00000175ca33e5a0 JavaThread "Thread-13" daemon [_thread_in_native, id=3568, stack(0x00000044b2b00000,0x00000044b2c00000)]
  0x00000175ca33bd20 JavaThread "Thread-14" daemon [_thread_in_native, id=4212, stack(0x00000044b2c00000,0x00000044b2d00000)]
  0x00000175ca33d670 JavaThread "Thread-15" daemon [_thread_in_native, id=9140, stack(0x00000044b2d00000,0x00000044b2e00000)]
  0x00000175ca33eab0 JavaThread "Thread-16" daemon [_thread_in_native, id=10636, stack(0x00000044b2e00000,0x00000044b2f00000)]
  0x00000175ca33b300 JavaThread "Thread-17" daemon [_thread_in_native, id=1672, stack(0x00000044b2f00000,0x00000044b3000000)]
  0x00000175ca33db80 JavaThread "Thread-18" daemon [_thread_in_native, id=1088, stack(0x00000044b3000000,0x00000044b3100000)]
  0x00000175ca33efc0 JavaThread "Thread-19" daemon [_thread_in_native, id=10596, stack(0x00000044b3100000,0x00000044b3200000)]
  0x00000175ca33c230 JavaThread "Thread-20" daemon [_thread_in_native, id=14048, stack(0x00000044b3200000,0x00000044b3300000)]
  0x00000175ca33f4d0 JavaThread "Thread-21" daemon [_thread_in_native, id=1256, stack(0x00000044b3300000,0x00000044b3400000)]
  0x00000175ca33b810 JavaThread "Thread-22" daemon [_thread_blocked, id=15336, stack(0x00000044b3400000,0x00000044b3500000)]
  0x00000175ca338a80 JavaThread "pool-2-thread-1" [_thread_blocked, id=2272, stack(0x00000044b3500000,0x00000044b3600000)]
  0x00000175ca33c740 JavaThread "WorkspaceEventsHandler" [_thread_blocked, id=4524, stack(0x00000044b3800000,0x00000044b3900000)]
  0x00000175ca338570 JavaThread "pool-1-thread-1" [_thread_blocked, id=12872, stack(0x00000044b3900000,0x00000044b3a00000)]
  0x00000175d7527a90 JavaThread "Cleaner-0" daemon [_thread_blocked, id=3392, stack(0x00000044b7200000,0x00000044b7300000)]
  0x00000175c7f9eae0 JavaThread "Worker-6" [_thread_blocked, id=2588, stack(0x00000044adb00000,0x00000044adc00000)]
  0x00000175d752b240 JavaThread "Worker-12" [_thread_blocked, id=10716, stack(0x00000044ada00000,0x00000044adb00000)]
  0x00000175d7527fa0 JavaThread "ForkJoinPool.commonPool-worker-66" daemon [_thread_blocked, id=12468, stack(0x00000044adc00000,0x00000044add00000)]
  0x00000175d752d0a0 JavaThread "ForkJoinPool.commonPool-worker-67" daemon [_thread_blocked, id=5848, stack(0x00000044af600000,0x00000044af700000)]
  0x00000175d752e9f0 JavaThread "Worker-13" [_thread_blocked, id=2504, stack(0x00000044af700000,0x00000044af800000)]
  0x00000175d7528ed0 JavaThread "Compiler Source File Reader" daemon [_thread_blocked, id=11832, stack(0x00000044af800000,0x00000044af900000)]
  0x00000175d752cb90 JavaThread "Compiler Processing Task" daemon [_thread_blocked, id=9712, stack(0x00000044af900000,0x00000044afa00000)]
  0x00000175d752ad30 JavaThread "ForkJoinPool.commonPool-worker-68" daemon [_thread_blocked, id=6384, stack(0x00000044afa00000,0x00000044afb00000)]
  0x00000175d752dac0 JavaThread "Compiler Source File Reader" daemon [_thread_blocked, id=5236, stack(0x00000044afb00000,0x00000044afc00000)]
  0x00000175d752b750 JavaThread "ForkJoinPool.commonPool-worker-69" daemon [_thread_blocked, id=12836, stack(0x00000044b0000000,0x00000044b0100000)]
  0x00000175d7529e00 JavaThread "ForkJoinPool.commonPool-worker-70" daemon [_thread_blocked, id=7224, stack(0x00000044b0100000,0x00000044b0200000)]
  0x00000175d752dfd0 JavaThread "ForkJoinPool.commonPool-worker-71" daemon [_thread_blocked, id=15004, stack(0x00000044b0200000,0x00000044b0300000)]
  0x00000175d752bc60 JavaThread "Compiler Source File Reader" daemon [_thread_blocked, id=12632, stack(0x00000044b0300000,0x00000044b0400000)]
  0x00000175d752c170 JavaThread "ForkJoinPool.commonPool-worker-72" daemon [_thread_blocked, id=1448, stack(0x00000044b0400000,0x00000044b0500000)]
  0x00000175d752f410 JavaThread "ForkJoinPool.commonPool-worker-73" daemon [_thread_blocked, id=6840, stack(0x00000044b0500000,0x00000044b0600000)]
  0x00000175d75284b0 JavaThread "ForkJoinPool.commonPool-worker-74" daemon [_thread_blocked, id=14072, stack(0x00000044b0600000,0x00000044b0700000)]
  0x00000175d75289c0 JavaThread "ForkJoinPool.commonPool-worker-75" daemon [_thread_blocked, id=3288, stack(0x00000044b0700000,0x00000044b0800000)]
  0x00000175d8dfd560 JavaThread "Compiler Source File Reader" daemon [_thread_blocked, id=7200, stack(0x00000044b0800000,0x00000044b0900000)]
  0x00000175d8dfe490 JavaThread "ForkJoinPool.commonPool-worker-76" daemon [_thread_blocked, id=4796, stack(0x00000044b0900000,0x00000044b0a00000)]
  0x00000175d8dfe9a0 JavaThread "Compiler Source File Reader" daemon [_thread_blocked, id=3348, stack(0x00000044b0a00000,0x00000044b0b00000)]
  0x00000175d8dfb700 JavaThread "ForkJoinPool.commonPool-worker-77" daemon [_thread_blocked, id=16708, stack(0x00000044b0b00000,0x00000044b0c00000)]
  0x00000175d8e00d10 JavaThread "ForkJoinPool.commonPool-worker-78" daemon [_thread_blocked, id=6616, stack(0x00000044b0c00000,0x00000044b0d00000)]
  0x00000175d8dff3c0 JavaThread "ForkJoinPool.commonPool-worker-79" daemon [_thread_blocked, id=5276, stack(0x00000044b0d00000,0x00000044b0e00000)]
  0x00000175d8e01220 JavaThread "ForkJoinPool.commonPool-worker-80" daemon [_thread_blocked, id=876, stack(0x00000044b0e00000,0x00000044b0f00000)]
  0x00000175d8dfa2c0 JavaThread "ForkJoinPool.commonPool-worker-81" daemon [_thread_blocked, id=16624, stack(0x00000044b0f00000,0x00000044b1000000)]
  0x00000175d8dffde0 JavaThread "Compiler Source File Reader" daemon [_thread_blocked, id=7404, stack(0x00000044b1100000,0x00000044b1200000)]
  0x00000175d8dff8d0 JavaThread "Compiler Source File Reader" daemon [_thread_blocked, id=10680, stack(0x00000044b1300000,0x00000044b1400000)]
  0x00000175d8e002f0 JavaThread "ForkJoinPool.commonPool-worker-82" daemon [_thread_blocked, id=11496, stack(0x00000044b1700000,0x00000044b1800000)]
  0x00000175d8dfb1f0 JavaThread "ForkJoinPool.commonPool-worker-83" daemon [_thread_blocked, id=11696, stack(0x00000044b1800000,0x00000044b1900000)]
  0x00000175d8dfbc10 JavaThread "ForkJoinPool.commonPool-worker-84" daemon [_thread_blocked, id=14884, stack(0x00000044b1b00000,0x00000044b1c00000)]
  0x00000175d8dfcb40 JavaThread "Compiler Source File Reader" daemon [_thread_blocked, id=8088, stack(0x00000044b1c00000,0x00000044b1d00000)]
  0x00000175d8dfd050 JavaThread "Compiler Source File Reader" daemon [_thread_blocked, id=7516, stack(0x00000044b1e00000,0x00000044b1f00000)]
  0x00000175d8dfda70 JavaThread "Compiler Source File Reader" daemon [_thread_blocked, id=4852, stack(0x00000044b3a00000,0x00000044b3b00000)]
  0x00000175c7fa2290 JavaThread "Compiler Source File Reader" daemon [_thread_blocked, id=8500, stack(0x00000044b3600000,0x00000044b3700000)]
  0x00000175c7fa5020 JavaThread "Compiler Source File Reader" daemon [_thread_blocked, id=5868, stack(0x00000044b3700000,0x00000044b3800000)]
  0x00000175c7fa0430 JavaThread "Compiler Source File Reader" daemon [_thread_blocked, id=13100, stack(0x00000044b3b00000,0x00000044b3c00000)]
  0x00000175c7f9fa10 JavaThread "Compiler Source File Reader" daemon [_thread_blocked, id=7220, stack(0x00000044b3c00000,0x00000044b3d00000)]
  0x00000175c7f9ff20 JavaThread "Compiler Source File Reader" daemon [_thread_blocked, id=12504, stack(0x00000044b3e00000,0x00000044b3f00000)]
  0x00000175c7f9e0c0 JavaThread "pool-1-thread-2" [_thread_blocked, id=12544, stack(0x00000044b4100000,0x00000044b4200000)]

Other Threads:
  0x00000175c05c1050 VMThread "VM Thread" [stack: 0x00000044adf00000,0x00000044ae000000] [id=14756]
  0x00000175c7ffc8d0 WatcherThread [stack: 0x00000044aef00000,0x00000044af000000] [id=14504]
  0x00000175ac760ed0 GCTaskThread "GC Thread#0" [stack: 0x00000044ade00000,0x00000044adf00000] [id=6748]
  0x00000175c88131e0 GCTaskThread "GC Thread#1" [stack: 0x00000044af100000,0x00000044af200000] [id=10124]
  0x00000175c8566e00 GCTaskThread "GC Thread#2" [stack: 0x00000044af200000,0x00000044af300000] [id=7660]
  0x00000175c85670c0 GCTaskThread "GC Thread#3" [stack: 0x00000044af300000,0x00000044af400000] [id=15288]
  0x00000175c84dc930 GCTaskThread "GC Thread#4" [stack: 0x00000044af400000,0x00000044af500000] [id=14844]
  0x00000175c84dd400 GCTaskThread "GC Thread#5" [stack: 0x00000044af500000,0x00000044af600000] [id=2176]
  0x00000175c8c6de70 GCTaskThread "GC Thread#6" [stack: 0x00000044af000000,0x00000044af100000] [id=11328]
  0x00000175c8c6e130 GCTaskThread "GC Thread#7" [stack: 0x00000044afd00000,0x00000044afe00000] [id=9952]
  0x00000175c99bb910 GCTaskThread "GC Thread#8" [stack: 0x00000044aed00000,0x00000044aee00000] [id=9396]
  0x00000175c938a320 GCTaskThread "GC Thread#9" [stack: 0x00000044afe00000,0x00000044aff00000] [id=2788]
=>0x00000175c8ce0b10 GCTaskThread "GC Thread#10" [stack: 0x00000044b1200000,0x00000044b1300000] [id=15740]
  0x00000175c8666f70 GCTaskThread "GC Thread#11" [stack: 0x00000044b1400000,0x00000044b1500000] [id=6724]
  0x00000175c8032b40 GCTaskThread "GC Thread#12" [stack: 0x00000044b1900000,0x00000044b1a00000] [id=6808]
  0x00000175c8031800 GCTaskThread "GC Thread#13" [stack: 0x00000044b1a00000,0x00000044b1b00000] [id=5520]
  0x00000175c8032e00 GCTaskThread "GC Thread#14" [stack: 0x00000044b1d00000,0x00000044b1e00000] [id=8252]

Threads with active compile tasks:

VM state: at safepoint (normal execution)

VM Mutex/Monitor currently owned by a thread:  ([mutex/lock_event])
[0x00000175ac748550] Threads_lock - owner thread: 0x00000175c05c1050
[0x00000175ac747b30] Heap_lock - owner thread: 0x00000175c8dcb770

Heap address: 0x00000000c0000000, size: 1024 MB, Compressed Oops mode: 32-bit

CDS archive(s) not mapped
Compressed class space mapped at: 0x0000000100000000-0x0000000140000000, reserved size: 1073741824
Narrow klass base: 0x0000000000000000, Narrow klass shift: 3, Narrow klass range: 0x140000000

GC Precious Log:
 CPUs: 20 total, 20 available
 Memory: 32538M
 Large Page Support: Disabled
 NUMA Support: Disabled
 Compressed Oops: Enabled (32-bit)
 Alignments: Space 512K, Generation 512K, Heap 2M
 Heap Min Capacity: 100M
 Heap Initial Capacity: 100M
 Heap Max Capacity: 1G
 Pre-touch: Disabled
 Parallel Workers: 15

Heap:
 PSYoungGen      total 2048K, used 2048K [0x00000000eab00000, 0x00000000eaf80000, 0x0000000100000000)
  eden space 1024K, 100% used [0x00000000eab00000,0x00000000eac00000,0x00000000eac00000)
  from space 1024K, 100% used [0x00000000eac00000,0x00000000ead00000,0x00000000ead00000)
  to   space 1536K, 0% used [0x00000000eae00000,0x00000000eae00000,0x00000000eaf80000)
 ParOldGen       total 258560K, used 257530K [0x00000000c0000000, 0x00000000cfc80000, 0x00000000eab00000)
  object space 258560K, 99% used [0x00000000c0000000,0x00000000cfb7ea38,0x00000000cfc80000)
 Metaspace       used 93135K, committed 94528K, reserved 1179648K
  class space    used 9330K, committed 9984K, reserved 1048576K

Card table byte_map: [0x00000175ac110000,0x00000175ac320000] _byte_map_base: 0x00000175abb10000

Marking Bits: (ParMarkBitMap*) 0x00007ff84a816940
 Begin Bits: [0x00000175be3e0000, 0x00000175bf3e0000)
 End Bits:   [0x00000175bf3e0000, 0x00000175c03e0000)

Polling page: 0x00000175abf00000

Metaspace:

Usage:
  Non-class:     81.84 MB used.
      Class:      9.11 MB used.
       Both:     90.95 MB used.

Virtual space:
  Non-class space:      128.00 MB reserved,      82.56 MB ( 65%) committed,  2 nodes.
      Class space:        1.00 GB reserved,       9.75 MB ( <1%) committed,  1 nodes.
             Both:        1.12 GB reserved,      92.31 MB (  8%) committed. 

Chunk freelists:
   Non-Class:  12.89 MB
       Class:  6.33 MB
        Both:  19.22 MB

MaxMetaspaceSize: unlimited
CompressedClassSpaceSize: 1.00 GB
Initial GC threshold: 21.00 MB
Current GC threshold: 153.75 MB
CDS: off
MetaspaceReclaimPolicy: balanced
 - commit_granule_bytes: 65536.
 - commit_granule_words: 8192.
 - virtual_space_node_default_size: 8388608.
 - enlarge_chunks_in_place: 1.
 - new_chunks_are_fully_committed: 0.
 - uncommit_free_chunks: 1.
 - use_allocation_guard: 0.
 - handle_deallocations: 1.


Internal statistics:

num_allocs_failed_limit: 9.
num_arena_births: 1274.
num_arena_deaths: 456.
num_vsnodes_births: 3.
num_vsnodes_deaths: 0.
num_space_committed: 1477.
num_space_uncommitted: 0.
num_chunks_returned_to_freelist: 574.
num_chunks_taken_from_freelist: 5558.
num_chunk_merges: 200.
num_chunk_splits: 3189.
num_chunks_enlarged: 1571.
num_inconsistent_stats: 0.

CodeHeap 'non-profiled nmethods': size=119168Kb used=18944Kb max_used=18944Kb free=100223Kb
 bounds [0x00000175b6f80000, 0x00000175b8210000, 0x00000175be3e0000]
CodeHeap 'profiled nmethods': size=119104Kb used=38897Kb max_used=38897Kb free=80206Kb
 bounds [0x00000175af3e0000, 0x00000175b19f0000, 0x00000175b6830000]
CodeHeap 'non-nmethods': size=7488Kb used=1457Kb max_used=3247Kb free=6030Kb
 bounds [0x00000175b6830000, 0x00000175b6b70000, 0x00000175b6f80000]
 total_blobs=18795 nmethods=17989 adapters=717
 compilation: enabled
              stopped_count=0, restarted_count=0
 full_count=0

Compilation events (20 events):
Event: 5208.613 Thread 0x00000175c57c53c0 22837       3       org.eclipse.jdt.internal.compiler.lookup.SourceTypeBinding::genericSignature (238 bytes)
Event: 5208.614 Thread 0x00000175c57c53c0 nmethod 22837 0x00000175b19d7a10 code [0x00000175b19d7de0, 0x00000175b19d9508]
Event: 5208.614 Thread 0x00000175c57c53c0 22838       3       org.eclipse.jdt.internal.compiler.ClassFile::generatePermittedSubclassesAttribute (246 bytes)
Event: 5208.615 Thread 0x00000175c57c53c0 nmethod 22838 0x00000175b19d9e10 code [0x00000175b19da060, 0x00000175b19dac38]
Event: 5208.615 Thread 0x00000175c57c53c0 22839       3       org.eclipse.jdt.internal.compiler.ClassFile::generateTypeAnnotationAttributeForTypeDeclaration (218 bytes)
Event: 5208.615 Thread 0x00000175c57c53c0 nmethod 22839 0x00000175b19db110 code [0x00000175b19db360, 0x00000175b19dbef8]
Event: 5208.615 Thread 0x00000175c57c53c0 22840       3       org.eclipse.jdt.internal.compiler.ClassFile::generateNestMembersAttribute (261 bytes)
Event: 5208.616 Thread 0x00000175c57c53c0 nmethod 22840 0x00000175b19dc390 code [0x00000175b19dc600, 0x00000175b19dd038]
Event: 5208.616 Thread 0x00000175c57c53c0 22841       3       org.eclipse.jdt.internal.compiler.ClassFile::generateNestHostAttribute (160 bytes)
Event: 5208.616 Thread 0x00000175c57c53c0 nmethod 22841 0x00000175b19dd510 code [0x00000175b19dd720, 0x00000175b19ddc98]
Event: 5208.616 Thread 0x00000175c57c53c0 22842       3       org.eclipse.jdt.internal.compiler.ClassFile::generateRecordAttributes (244 bytes)
Event: 5208.616 Thread 0x00000175c57c53c0 nmethod 22842 0x00000175b19ddf90 code [0x00000175b19de1a0, 0x00000175b19de898]
Event: 5208.895 Thread 0x00000175c57be240 22843       4       org.eclipse.jdt.ls.core.internal.text.correction.CodeActionComparator::getCodeActionKindOrdinal (54 bytes)
Event: 5208.901 Thread 0x00000175c57be240 nmethod 22843 0x00000175b81ffa10 code [0x00000175b81ffba0, 0x00000175b81fff78]
Event: 5209.166 Thread 0x00000175c57c53c0 22845       3       org.eclipse.core.internal.watson.ElementTree::<init> (40 bytes)
Event: 5209.167 Thread 0x00000175c57c53c0 nmethod 22845 0x00000175b19dec10 code [0x00000175b19dede0, 0x00000175b19df138]
Event: 5209.167 Thread 0x00000175c57c53c0 22844       3       org.eclipse.core.internal.dtree.DeltaDataTree::newEmptyDeltaTree (35 bytes)
Event: 5209.167 Thread 0x00000175c57c53c0 nmethod 22844 0x00000175b19df310 code [0x00000175b19df500, 0x00000175b19dfb58]
Event: 5209.167 Thread 0x00000175c57c53c0 22846       3       org.eclipse.jdt.internal.compiler.util.HashtableOfIntValues::<init> (48 bytes)
Event: 5209.167 Thread 0x00000175c57c53c0 nmethod 22846 0x00000175b19dfe10 code [0x00000175b19dffe0, 0x00000175b19e0318]

GC Heap History (20 events):
Event: 5207.570 GC heap after
{Heap after GC invocations=870 (full 11):
 PSYoungGen      total 4608K, used 1600K [0x00000000eab00000, 0x00000000eb200000, 0x0000000100000000)
  eden space 2560K, 0% used [0x00000000eab00000,0x00000000eab00000,0x00000000ead80000)
  from space 2048K, 78% used [0x00000000eb000000,0x00000000eb190000,0x00000000eb200000)
  to   space 2048K, 0% used [0x00000000eae00000,0x00000000eae00000,0x00000000eb000000)
 ParOldGen       total 258560K, used 252480K [0x00000000c0000000, 0x00000000cfc80000, 0x00000000eab00000)
  object space 258560K, 97% used [0x00000000c0000000,0x00000000cf6900c8,0x00000000cfc80000)
 Metaspace       used 93131K, committed 94528K, reserved 1179648K
  class space    used 9330K, committed 9984K, reserved 1048576K
}
Event: 5207.614 GC heap before
{Heap before GC invocations=871 (full 11):
 PSYoungGen      total 4608K, used 4159K [0x00000000eab00000, 0x00000000eb200000, 0x0000000100000000)
  eden space 2560K, 99% used [0x00000000eab00000,0x00000000ead7fff0,0x00000000ead80000)
  from space 2048K, 78% used [0x00000000eb000000,0x00000000eb190000,0x00000000eb200000)
  to   space 2048K, 0% used [0x00000000eae00000,0x00000000eae00000,0x00000000eb000000)
 ParOldGen       total 258560K, used 252480K [0x00000000c0000000, 0x00000000cfc80000, 0x00000000eab00000)
  object space 258560K, 97% used [0x00000000c0000000,0x00000000cf6900c8,0x00000000cfc80000)
 Metaspace       used 93131K, committed 94528K, reserved 1179648K
  class space    used 9330K, committed 9984K, reserved 1048576K
}
Event: 5207.617 GC heap after
{Heap after GC invocations=871 (full 11):
 PSYoungGen      total 4608K, used 1072K [0x00000000eab00000, 0x00000000eb100000, 0x0000000100000000)
  eden space 3072K, 0% used [0x00000000eab00000,0x00000000eab00000,0x00000000eae00000)
  from space 1536K, 69% used [0x00000000eae00000,0x00000000eaf0c098,0x00000000eaf80000)
  to   space 1536K, 0% used [0x00000000eaf80000,0x00000000eaf80000,0x00000000eb100000)
 ParOldGen       total 258560K, used 253856K [0x00000000c0000000, 0x00000000cfc80000, 0x00000000eab00000)
  object space 258560K, 98% used [0x00000000c0000000,0x00000000cf7e80c8,0x00000000cfc80000)
 Metaspace       used 93131K, committed 94528K, reserved 1179648K
  class space    used 9330K, committed 9984K, reserved 1048576K
}
Event: 5207.623 GC heap before
{Heap before GC invocations=872 (full 11):
 PSYoungGen      total 4608K, used 4144K [0x00000000eab00000, 0x00000000eb100000, 0x0000000100000000)
  eden space 3072K, 100% used [0x00000000eab00000,0x00000000eae00000,0x00000000eae00000)
  from space 1536K, 69% used [0x00000000eae00000,0x00000000eaf0c098,0x00000000eaf80000)
  to   space 1536K, 0% used [0x00000000eaf80000,0x00000000eaf80000,0x00000000eb100000)
 ParOldGen       total 258560K, used 253856K [0x00000000c0000000, 0x00000000cfc80000, 0x00000000eab00000)
  object space 258560K, 98% used [0x00000000c0000000,0x00000000cf7e80c8,0x00000000cfc80000)
 Metaspace       used 93131K, committed 94528K, reserved 1179648K
  class space    used 9330K, committed 9984K, reserved 1048576K
}
Event: 5207.623 GC heap after
{Heap after GC invocations=872 (full 11):
 PSYoungGen      total 4096K, used 1488K [0x00000000eab00000, 0x00000000eb300000, 0x0000000100000000)
  eden space 2560K, 0% used [0x00000000eab00000,0x00000000eab00000,0x00000000ead80000)
  from space 1536K, 96% used [0x00000000eaf80000,0x00000000eb0f4230,0x00000000eb100000)
  to   space 2048K, 0% used [0x00000000ead80000,0x00000000ead80000,0x00000000eaf80000)
 ParOldGen       total 258560K, used 254338K [0x00000000c0000000, 0x00000000cfc80000, 0x00000000eab00000)
  object space 258560K, 98% used [0x00000000c0000000,0x00000000cf860b60,0x00000000cfc80000)
 Metaspace       used 93131K, committed 94528K, reserved 1179648K
  class space    used 9330K, committed 9984K, reserved 1048576K
}
Event: 5207.728 GC heap before
{Heap before GC invocations=873 (full 11):
 PSYoungGen      total 4096K, used 4048K [0x00000000eab00000, 0x00000000eb300000, 0x0000000100000000)
  eden space 2560K, 100% used [0x00000000eab00000,0x00000000ead80000,0x00000000ead80000)
  from space 1536K, 96% used [0x00000000eaf80000,0x00000000eb0f4230,0x00000000eb100000)
  to   space 2048K, 0% used [0x00000000ead80000,0x00000000ead80000,0x00000000eaf80000)
 ParOldGen       total 258560K, used 254338K [0x00000000c0000000, 0x00000000cfc80000, 0x00000000eab00000)
  object space 258560K, 98% used [0x00000000c0000000,0x00000000cf860b60,0x00000000cfc80000)
 Metaspace       used 93132K, committed 94528K, reserved 1179648K
  class space    used 9330K, committed 9984K, reserved 1048576K
}
Event: 5207.729 GC heap after
{Heap after GC invocations=873 (full 11):
 PSYoungGen      total 3072K, used 480K [0x00000000eab00000, 0x00000000eb000000, 0x0000000100000000)
  eden space 2560K, 0% used [0x00000000eab00000,0x00000000eab00000,0x00000000ead80000)
  from space 512K, 93% used [0x00000000ead80000,0x00000000eadf8000,0x00000000eae00000)
  to   space 1024K, 0% used [0x00000000eaf00000,0x00000000eaf00000,0x00000000eb000000)
 ParOldGen       total 258560K, used 254482K [0x00000000c0000000, 0x00000000cfc80000, 0x00000000eab00000)
  object space 258560K, 98% used [0x00000000c0000000,0x00000000cf884b60,0x00000000cfc80000)
 Metaspace       used 93132K, committed 94528K, reserved 1179648K
  class space    used 9330K, committed 9984K, reserved 1048576K
}
Event: 5207.965 GC heap before
{Heap before GC invocations=874 (full 11):
 PSYoungGen      total 3072K, used 3010K [0x00000000eab00000, 0x00000000eb000000, 0x0000000100000000)
  eden space 2560K, 98% used [0x00000000eab00000,0x00000000ead78b58,0x00000000ead80000)
  from space 512K, 93% used [0x00000000ead80000,0x00000000eadf8000,0x00000000eae00000)
  to   space 1024K, 0% used [0x00000000eaf00000,0x00000000eaf00000,0x00000000eb000000)
 ParOldGen       total 258560K, used 254482K [0x00000000c0000000, 0x00000000cfc80000, 0x00000000eab00000)
  object space 258560K, 98% used [0x00000000c0000000,0x00000000cf884b60,0x00000000cfc80000)
 Metaspace       used 93132K, committed 94528K, reserved 1179648K
  class space    used 9330K, committed 9984K, reserved 1048576K
}
Event: 5207.967 GC heap after
{Heap after GC invocations=874 (full 11):
 PSYoungGen      total 3072K, used 480K [0x00000000eab00000, 0x00000000eaf80000, 0x0000000100000000)
  eden space 2560K, 0% used [0x00000000eab00000,0x00000000eab00000,0x00000000ead80000)
  from space 512K, 93% used [0x00000000eaf00000,0x00000000eaf78010,0x00000000eaf80000)
  to   space 1024K, 0% used [0x00000000ead80000,0x00000000ead80000,0x00000000eae80000)
 ParOldGen       total 258560K, used 254586K [0x00000000c0000000, 0x00000000cfc80000, 0x00000000eab00000)
  object space 258560K, 98% used [0x00000000c0000000,0x00000000cf89eb60,0x00000000cfc80000)
 Metaspace       used 93132K, committed 94528K, reserved 1179648K
  class space    used 9330K, committed 9984K, reserved 1048576K
}
Event: 5208.205 GC heap before
{Heap before GC invocations=875 (full 11):
 PSYoungGen      total 3072K, used 3040K [0x00000000eab00000, 0x00000000eaf80000, 0x0000000100000000)
  eden space 2560K, 100% used [0x00000000eab00000,0x00000000ead80000,0x00000000ead80000)
  from space 512K, 93% used [0x00000000eaf00000,0x00000000eaf78010,0x00000000eaf80000)
  to   space 1024K, 0% used [0x00000000ead80000,0x00000000ead80000,0x00000000eae80000)
 ParOldGen       total 258560K, used 254586K [0x00000000c0000000, 0x00000000cfc80000, 0x00000000eab00000)
  object space 258560K, 98% used [0x00000000c0000000,0x00000000cf89eb60,0x00000000cfc80000)
 Metaspace       used 93133K, committed 94528K, reserved 1179648K
  class space    used 9330K, committed 9984K, reserved 1048576K
}
Event: 5208.206 GC heap after
{Heap after GC invocations=875 (full 11):
 PSYoungGen      total 3584K, used 608K [0x00000000eab00000, 0x00000000eaf80000, 0x0000000100000000)
  eden space 2560K, 0% used [0x00000000eab00000,0x00000000eab00000,0x00000000ead80000)
  from space 1024K, 59% used [0x00000000ead80000,0x00000000eae18020,0x00000000eae80000)
  to   space 1024K, 0% used [0x00000000eae80000,0x00000000eae80000,0x00000000eaf80000)
 ParOldGen       total 258560K, used 254594K [0x00000000c0000000, 0x00000000cfc80000, 0x00000000eab00000)
  object space 258560K, 98% used [0x00000000c0000000,0x00000000cf8a0b60,0x00000000cfc80000)
 Metaspace       used 93133K, committed 94528K, reserved 1179648K
  class space    used 9330K, committed 9984K, reserved 1048576K
}
Event: 5208.612 GC heap before
{Heap before GC invocations=876 (full 11):
 PSYoungGen      total 3584K, used 3168K [0x00000000eab00000, 0x00000000eaf80000, 0x0000000100000000)
  eden space 2560K, 100% used [0x00000000eab00000,0x00000000ead80000,0x00000000ead80000)
  from space 1024K, 59% used [0x00000000ead80000,0x00000000eae18020,0x00000000eae80000)
  to   space 1024K, 0% used [0x00000000eae80000,0x00000000eae80000,0x00000000eaf80000)
 ParOldGen       total 258560K, used 254594K [0x00000000c0000000, 0x00000000cfc80000, 0x00000000eab00000)
  object space 258560K, 98% used [0x00000000c0000000,0x00000000cf8a0b60,0x00000000cfc80000)
 Metaspace       used 93133K, committed 94528K, reserved 1179648K
  class space    used 9330K, committed 9984K, reserved 1048576K
}
Event: 5208.612 GC heap after
{Heap after GC invocations=876 (full 11):
 PSYoungGen      total 3584K, used 768K [0x00000000eab00000, 0x00000000eaf80000, 0x0000000100000000)
  eden space 2560K, 0% used [0x00000000eab00000,0x00000000eab00000,0x00000000ead80000)
  from space 1024K, 75% used [0x00000000eae80000,0x00000000eaf40000,0x00000000eaf80000)
  to   space 1024K, 0% used [0x00000000ead80000,0x00000000ead80000,0x00000000eae80000)
 ParOldGen       total 258560K, used 254925K [0x00000000c0000000, 0x00000000cfc80000, 0x00000000eab00000)
  object space 258560K, 98% used [0x00000000c0000000,0x00000000cf8f34a0,0x00000000cfc80000)
 Metaspace       used 93133K, committed 94528K, reserved 1179648K
  class space    used 9330K, committed 9984K, reserved 1048576K
}
Event: 5209.172 GC heap before
{Heap before GC invocations=877 (full 11):
 PSYoungGen      total 3584K, used 3328K [0x00000000eab00000, 0x00000000eaf80000, 0x0000000100000000)
  eden space 2560K, 100% used [0x00000000eab00000,0x00000000ead80000,0x00000000ead80000)
  from space 1024K, 75% used [0x00000000eae80000,0x00000000eaf40000,0x00000000eaf80000)
  to   space 1024K, 0% used [0x00000000ead80000,0x00000000ead80000,0x00000000eae80000)
 ParOldGen       total 258560K, used 254925K [0x00000000c0000000, 0x00000000cfc80000, 0x00000000eab00000)
  object space 258560K, 98% used [0x00000000c0000000,0x00000000cf8f34a0,0x00000000cfc80000)
 Metaspace       used 93135K, committed 94528K, reserved 1179648K
  class space    used 9330K, committed 9984K, reserved 1048576K
}
Event: 5209.173 GC heap after
{Heap after GC invocations=877 (full 11):
 PSYoungGen      total 3584K, used 480K [0x00000000eab00000, 0x00000000eaf80000, 0x0000000100000000)
  eden space 2560K, 0% used [0x00000000eab00000,0x00000000eab00000,0x00000000ead80000)
  from space 1024K, 46% used [0x00000000ead80000,0x00000000eadf8000,0x00000000eae80000)
  to   space 1024K, 0% used [0x00000000eae80000,0x00000000eae80000,0x00000000eaf80000)
 ParOldGen       total 258560K, used 255157K [0x00000000c0000000, 0x00000000cfc80000, 0x00000000eab00000)
  object space 258560K, 98% used [0x00000000c0000000,0x00000000cf92d4a0,0x00000000cfc80000)
 Metaspace       used 93135K, committed 94528K, reserved 1179648K
  class space    used 9330K, committed 9984K, reserved 1048576K
}
Event: 5209.177 GC heap before
{Heap before GC invocations=878 (full 11):
 PSYoungGen      total 3584K, used 3040K [0x00000000eab00000, 0x00000000eaf80000, 0x0000000100000000)
  eden space 2560K, 100% used [0x00000000eab00000,0x00000000ead80000,0x00000000ead80000)
  from space 1024K, 46% used [0x00000000ead80000,0x00000000eadf8000,0x00000000eae80000)
  to   space 1024K, 0% used [0x00000000eae80000,0x00000000eae80000,0x00000000eaf80000)
 ParOldGen       total 258560K, used 255157K [0x00000000c0000000, 0x00000000cfc80000, 0x00000000eab00000)
  object space 258560K, 98% used [0x00000000c0000000,0x00000000cf92d4a0,0x00000000cfc80000)
 Metaspace       used 93135K, committed 94528K, reserved 1179648K
  class space    used 9330K, committed 9984K, reserved 1048576K
}
Event: 5209.178 GC heap after
{Heap after GC invocations=878 (full 11):
 PSYoungGen      total 2048K, used 1006K [0x00000000eab00000, 0x00000000eb280000, 0x0000000100000000)
  eden space 1024K, 0% used [0x00000000eab00000,0x00000000eab00000,0x00000000eac00000)
  from space 1024K, 98% used [0x00000000eae80000,0x00000000eaf7b910,0x00000000eaf80000)
  to   space 2560K, 0% used [0x00000000eac00000,0x00000000eac00000,0x00000000eae80000)
 ParOldGen       total 258560K, used 256141K [0x00000000c0000000, 0x00000000cfc80000, 0x00000000eab00000)
  object space 258560K, 99% used [0x00000000c0000000,0x00000000cfa234a0,0x00000000cfc80000)
 Metaspace       used 93135K, committed 94528K, reserved 1179648K
  class space    used 9330K, committed 9984K, reserved 1048576K
}
Event: 5209.179 GC heap before
{Heap before GC invocations=879 (full 11):
 PSYoungGen      total 2048K, used 2030K [0x00000000eab00000, 0x00000000eb280000, 0x0000000100000000)
  eden space 1024K, 100% used [0x00000000eab00000,0x00000000eac00000,0x00000000eac00000)
  from space 1024K, 98% used [0x00000000eae80000,0x00000000eaf7b910,0x00000000eaf80000)
  to   space 2560K, 0% used [0x00000000eac00000,0x00000000eac00000,0x00000000eae80000)
 ParOldGen       total 258560K, used 256141K [0x00000000c0000000, 0x00000000cfc80000, 0x00000000eab00000)
  object space 258560K, 99% used [0x00000000c0000000,0x00000000cfa234a0,0x00000000cfc80000)
 Metaspace       used 93135K, committed 94528K, reserved 1179648K
  class space    used 9330K, committed 9984K, reserved 1048576K
}
Event: 5209.180 GC heap after
{Heap after GC invocations=879 (full 11):
 PSYoungGen      total 2048K, used 1024K [0x00000000eab00000, 0x00000000eaf80000, 0x0000000100000000)
  eden space 1024K, 0% used [0x00000000eab00000,0x00000000eab00000,0x00000000eac00000)
  from space 1024K, 100% used [0x00000000eac00000,0x00000000ead00000,0x00000000ead00000)
  to   space 1536K, 0% used [0x00000000eae00000,0x00000000eae00000,0x00000000eaf80000)
 ParOldGen       total 258560K, used 257530K [0x00000000c0000000, 0x00000000cfc80000, 0x00000000eab00000)
  object space 258560K, 99% used [0x00000000c0000000,0x00000000cfb7ea38,0x00000000cfc80000)
 Metaspace       used 93135K, committed 94528K, reserved 1179648K
  class space    used 9330K, committed 9984K, reserved 1048576K
}
Event: 5209.181 GC heap before
{Heap before GC invocations=880 (full 12):
 PSYoungGen      total 2048K, used 2048K [0x00000000eab00000, 0x00000000eaf80000, 0x0000000100000000)
  eden space 1024K, 100% used [0x00000000eab00000,0x00000000eac00000,0x00000000eac00000)
  from space 1024K, 100% used [0x00000000eac00000,0x00000000ead00000,0x00000000ead00000)
  to   space 1536K, 0% used [0x00000000eae00000,0x00000000eae00000,0x00000000eaf80000)
 ParOldGen       total 258560K, used 257530K [0x00000000c0000000, 0x00000000cfc80000, 0x00000000eab00000)
  object space 258560K, 99% used [0x00000000c0000000,0x00000000cfb7ea38,0x00000000cfc80000)
 Metaspace       used 93135K, committed 94528K, reserved 1179648K
  class space    used 9330K, committed 9984K, reserved 1048576K
}

Dll operation events (12 events):
Event: 0.032 Loaded shared library c:\Users\E2Ps ICT\.vscode\extensions\redhat.java-1.37.0-win32-x64\jre\17.0.13-win32-x86_64\bin\java.dll
Event: 0.093 Loaded shared library c:\Users\E2Ps ICT\.vscode\extensions\redhat.java-1.37.0-win32-x64\jre\17.0.13-win32-x86_64\bin\zip.dll
Event: 0.094 Loaded shared library C:\Users\E2Ps ICT\.vscode\extensions\redhat.java-1.37.0-win32-x64\jre\17.0.13-win32-x86_64\bin\instrument.dll
Event: 0.102 Loaded shared library C:\Users\E2Ps ICT\.vscode\extensions\redhat.java-1.37.0-win32-x64\jre\17.0.13-win32-x86_64\bin\net.dll
Event: 0.106 Loaded shared library C:\Users\E2Ps ICT\.vscode\extensions\redhat.java-1.37.0-win32-x64\jre\17.0.13-win32-x86_64\bin\nio.dll
Event: 0.109 Loaded shared library C:\Users\E2Ps ICT\.vscode\extensions\redhat.java-1.37.0-win32-x64\jre\17.0.13-win32-x86_64\bin\zip.dll
Event: 0.116 Loaded shared library C:\Users\E2Ps ICT\.vscode\extensions\redhat.java-1.37.0-win32-x64\jre\17.0.13-win32-x86_64\bin\jimage.dll
Event: 0.142 Loaded shared library c:\Users\E2Ps ICT\.vscode\extensions\redhat.java-1.37.0-win32-x64\jre\17.0.13-win32-x86_64\bin\verify.dll
Event: 2.842 Loaded shared library C:\Users\E2Ps ICT\AppData\Roaming\Code\User\globalStorage\redhat.java\1.37.0\config_win\org.eclipse.equinox.launcher\org.eclipse.equinox.launcher.win32.win32.x86_64_1.2.1100.v20240722-2106\eclipse_11904.dll
Event: 6.385 Loaded shared library C:\Users\E2Ps ICT\AppData\Local\Temp\jna--477064758\jna3267053210483212042.dll
Event: 7.255 Loaded shared library C:\Users\E2Ps ICT\.vscode\extensions\redhat.java-1.37.0-win32-x64\jre\17.0.13-win32-x86_64\bin\sunmscapi.dll
Event: 7.286 Loaded shared library C:\Users\E2Ps ICT\.vscode\extensions\redhat.java-1.37.0-win32-x64\jre\17.0.13-win32-x86_64\bin\extnet.dll

Deoptimization events (20 events):
Event: 5204.760 Thread 0x00000175d752e9f0 Uncommon trap: trap_request=0xffffff45 fr.pc=0x00000175b81adbc8 relative=0x0000000000001028
Event: 5204.761 Thread 0x00000175d752e9f0 Uncommon trap: reason=unstable_if action=reinterpret pc=0x00000175b81adbc8 method=org.eclipse.jdt.internal.compiler.parser.diagnose.DiagnoseParser.misspell(II)I @ 213 c2
Event: 5204.761 Thread 0x00000175d752e9f0 DEOPT PACKING pc=0x00000175b81adbc8 sp=0x00000044af7fe6b0
Event: 5204.761 Thread 0x00000175d752e9f0 DEOPT UNPACKING pc=0x00000175b68866a3 sp=0x00000044af7fe628 mode 2
Event: 5204.761 Thread 0x00000175d752e9f0 Uncommon trap: trap_request=0xffffff45 fr.pc=0x00000175b7c99c54 relative=0x0000000000000e14
Event: 5204.761 Thread 0x00000175d752e9f0 Uncommon trap: reason=unstable_if action=reinterpret pc=0x00000175b7c99c54 method=org.eclipse.jdt.internal.compiler.parser.diagnose.DiagnoseParser.parseCheck([IIII)I @ 116 c2
Event: 5204.761 Thread 0x00000175d752e9f0 DEOPT PACKING pc=0x00000175b7c99c54 sp=0x00000044af7fe650
Event: 5204.761 Thread 0x00000175d752e9f0 DEOPT UNPACKING pc=0x00000175b68866a3 sp=0x00000044af7fe5e0 mode 2
Event: 5204.762 Thread 0x00000175d752e9f0 Uncommon trap: trap_request=0xfffffff4 fr.pc=0x00000175b74481bc relative=0x000000000000317c
Event: 5204.762 Thread 0x00000175d752e9f0 Uncommon trap: reason=null_check action=make_not_entrant pc=0x00000175b74481bc method=java.lang.Class.reflectionData()Ljava/lang/Class$ReflectionData; @ 18 c2
Event: 5204.762 Thread 0x00000175d752e9f0 DEOPT PACKING pc=0x00000175b74481bc sp=0x00000044af7fe7e0
Event: 5204.762 Thread 0x00000175d752e9f0 DEOPT UNPACKING pc=0x00000175b68866a3 sp=0x00000044af7fe6d0 mode 2
Event: 5204.767 Thread 0x00000175d8dff3c0 Uncommon trap: trap_request=0xffffff45 fr.pc=0x00000175b81c8320 relative=0x00000000000018a0
Event: 5204.767 Thread 0x00000175d8dff3c0 Uncommon trap: reason=unstable_if action=reinterpret pc=0x00000175b81c8320 method=org.eclipse.jdt.internal.compiler.parser.diagnose.DiagnoseParser.mergeCandidate(II)I @ 101 c2
Event: 5204.767 Thread 0x00000175d8dff3c0 DEOPT PACKING pc=0x00000175b81c8320 sp=0x00000044b0dfd770
Event: 5204.767 Thread 0x00000175d8dff3c0 DEOPT UNPACKING pc=0x00000175b68866a3 sp=0x00000044b0dfd688 mode 2
Event: 5206.546 Thread 0x00000175d8dff3c0 DEOPT PACKING pc=0x00000175b1099e9b sp=0x00000044b0dfdc40
Event: 5206.546 Thread 0x00000175d8dff3c0 DEOPT UNPACKING pc=0x00000175b6886e43 sp=0x00000044b0dfd150 mode 0
Event: 5207.960 Thread 0x00000175d752b240 DEOPT PACKING pc=0x00000175b19c609f sp=0x00000044adafe5a0
Event: 5207.960 Thread 0x00000175d752b240 DEOPT UNPACKING pc=0x00000175b6886e43 sp=0x00000044adafdab0 mode 0

Classes loaded (20 events):
Event: 733.678 Loading class java/util/regex/Pattern$Bound
Event: 733.678 Loading class java/util/regex/Pattern$Bound done
Event: 761.219 Loading class java/util/stream/DistinctOps
Event: 761.219 Loading class java/util/stream/DistinctOps done
Event: 761.219 Loading class java/util/stream/DistinctOps$1
Event: 761.219 Loading class java/util/stream/DistinctOps$1 done
Event: 761.221 Loading class java/util/stream/DistinctOps$1$2
Event: 761.221 Loading class java/util/stream/DistinctOps$1$2 done
Event: 1879.931 Loading class java/util/Spliterators$IntArraySpliterator
Event: 1879.931 Loading class java/util/Spliterators$IntArraySpliterator done
Event: 1879.931 Loading class java/util/stream/IntPipeline$1
Event: 1879.931 Loading class java/util/stream/IntPipeline$1 done
Event: 1879.931 Loading class java/util/stream/IntPipeline$1$1
Event: 1879.931 Loading class java/util/stream/IntPipeline$1$1 done
Event: 1881.149 Loading class java/util/ArrayDeque$DeqSpliterator
Event: 1881.149 Loading class java/util/ArrayDeque$DeqSpliterator done
Event: 4138.538 Loading class java/nio/channels/CompletionHandler
Event: 4138.538 Loading class java/nio/channels/CompletionHandler done
Event: 5194.812 Loading class jdk/internal/misc/ScopedMemoryAccess$Scope$Handle
Event: 5194.812 Loading class jdk/internal/misc/ScopedMemoryAccess$Scope$Handle done

Classes unloaded (20 events):
Event: 5190.043 Thread 0x00000175c05c1050 Unloading class 0x0000000100325c00 'jdk/internal/reflect/GeneratedSerializationConstructorAccessor14'
Event: 5190.043 Thread 0x00000175c05c1050 Unloading class 0x0000000100323c00 'java/lang/invoke/LambdaForm$MH+0x0000000100323c00'
Event: 5190.043 Thread 0x00000175c05c1050 Unloading class 0x0000000100322c00 'jdk/internal/reflect/GeneratedSerializationConstructorAccessor13'
Event: 5190.043 Thread 0x00000175c05c1050 Unloading class 0x0000000100322800 'jdk/internal/reflect/GeneratedSerializationConstructorAccessor12'
Event: 5190.043 Thread 0x00000175c05c1050 Unloading class 0x0000000100320800 'java/lang/invoke/LambdaForm$MH+0x0000000100320800'
Event: 5190.043 Thread 0x00000175c05c1050 Unloading class 0x000000010031f400 'jdk/internal/reflect/GeneratedMethodAccessor8'
Event: 5190.043 Thread 0x00000175c05c1050 Unloading class 0x000000010031f000 'jdk/internal/reflect/GeneratedMethodAccessor7'
Event: 5190.043 Thread 0x00000175c05c1050 Unloading class 0x000000010031ec00 'jdk/internal/reflect/GeneratedSerializationConstructorAccessor11'
Event: 5190.043 Thread 0x00000175c05c1050 Unloading class 0x000000010031e800 'jdk/internal/reflect/GeneratedSerializationConstructorAccessor10'
Event: 5190.043 Thread 0x00000175c05c1050 Unloading class 0x000000010031e400 'jdk/internal/reflect/GeneratedSerializationConstructorAccessor9'
Event: 5190.043 Thread 0x00000175c05c1050 Unloading class 0x0000000100316800 'java/lang/invoke/LambdaForm$MH+0x0000000100316800'
Event: 5190.043 Thread 0x00000175c05c1050 Unloading class 0x0000000100316000 'java/lang/invoke/LambdaForm$MH+0x0000000100316000'
Event: 5190.043 Thread 0x00000175c05c1050 Unloading class 0x0000000100312000 'jdk/internal/reflect/GeneratedSerializationConstructorAccessor8'
Event: 5190.043 Thread 0x00000175c05c1050 Unloading class 0x0000000100311c00 'jdk/internal/reflect/GeneratedSerializationConstructorAccessor7'
Event: 5190.043 Thread 0x00000175c05c1050 Unloading class 0x0000000100311800 'jdk/internal/reflect/GeneratedSerializationConstructorAccessor6'
Event: 5190.043 Thread 0x00000175c05c1050 Unloading class 0x0000000100311400 'jdk/internal/reflect/GeneratedSerializationConstructorAccessor5'
Event: 5190.043 Thread 0x00000175c05c1050 Unloading class 0x0000000100311000 'jdk/internal/reflect/GeneratedSerializationConstructorAccessor4'
Event: 5190.043 Thread 0x00000175c05c1050 Unloading class 0x0000000100310c00 'jdk/internal/reflect/GeneratedSerializationConstructorAccessor3'
Event: 5190.043 Thread 0x00000175c05c1050 Unloading class 0x0000000100310800 'jdk/internal/reflect/GeneratedSerializationConstructorAccessor2'
Event: 5190.043 Thread 0x00000175c05c1050 Unloading class 0x0000000100310400 'jdk/internal/reflect/GeneratedSerializationConstructorAccessor1'

Classes redefined (0 events):
No events

Internal exceptions (20 events):
Event: 5197.664 Thread 0x00000175ca338570 Exception <a 'java/lang/ArrayIndexOutOfBoundsException'{0x00000000eac58098}> (0x00000000eac58098) 
thrown [s\src\hotspot\share\runtime\sharedRuntime.cpp, line 631]
Event: 5197.664 Thread 0x00000175ca338570 Exception <a 'java/lang/ArrayIndexOutOfBoundsException'{0x00000000eac586c0}> (0x00000000eac586c0) 
thrown [s\src\hotspot\share\runtime\sharedRuntime.cpp, line 631]
Event: 5197.665 Thread 0x00000175ca338570 Exception <a 'java/lang/ArrayIndexOutOfBoundsException'{0x00000000eac58a40}> (0x00000000eac58a40) 
thrown [s\src\hotspot\share\runtime\sharedRuntime.cpp, line 631]
Event: 5197.665 Thread 0x00000175ca338570 Exception <a 'java/lang/ArrayIndexOutOfBoundsException'{0x00000000eac69638}> (0x00000000eac69638) 
thrown [s\src\hotspot\share\runtime\sharedRuntime.cpp, line 631]
Event: 5198.093 Thread 0x00000175ca338570 Exception <a 'java/lang/ArrayIndexOutOfBoundsException'{0x00000000eacfb008}> (0x00000000eacfb008) 
thrown [s\src\hotspot\share\runtime\sharedRuntime.cpp, line 631]
Event: 5198.093 Thread 0x00000175ca338570 Exception <a 'java/lang/ArrayIndexOutOfBoundsException'{0x00000000eacfb630}> (0x00000000eacfb630) 
thrown [s\src\hotspot\share\runtime\sharedRuntime.cpp, line 631]
Event: 5198.093 Thread 0x00000175ca338570 Exception <a 'java/lang/ArrayIndexOutOfBoundsException'{0x00000000eacfb9b0}> (0x00000000eacfb9b0) 
thrown [s\src\hotspot\share\runtime\sharedRuntime.cpp, line 631]
Event: 5198.096 Thread 0x00000175ca338570 Exception <a 'java/lang/ArrayIndexOutOfBoundsException'{0x00000000eab0cad0}> (0x00000000eab0cad0) 
thrown [s\src\hotspot\share\runtime\sharedRuntime.cpp, line 631]
Event: 5198.264 Thread 0x00000175ca338570 Exception <a 'java/lang/ArrayIndexOutOfBoundsException'{0x00000000eac25da8}> (0x00000000eac25da8) 
thrown [s\src\hotspot\share\runtime\sharedRuntime.cpp, line 631]
Event: 5198.264 Thread 0x00000175ca338570 Exception <a 'java/lang/ArrayIndexOutOfBoundsException'{0x00000000eac263d0}> (0x00000000eac263d0) 
thrown [s\src\hotspot\share\runtime\sharedRuntime.cpp, line 631]
Event: 5198.264 Thread 0x00000175ca338570 Exception <a 'java/lang/ArrayIndexOutOfBoundsException'{0x00000000eac26750}> (0x00000000eac26750) 
thrown [s\src\hotspot\share\runtime\sharedRuntime.cpp, line 631]
Event: 5198.264 Thread 0x00000175ca338570 Exception <a 'java/lang/ArrayIndexOutOfBoundsException'{0x00000000eac37660}> (0x00000000eac37660) 
thrown [s\src\hotspot\share\runtime\sharedRuntime.cpp, line 631]
Event: 5199.292 Thread 0x00000175c8dcb770 Exception <a 'sun/nio/fs/WindowsException'{0x00000000eac4ea38}> (0x00000000eac4ea38) 
thrown [s\src\hotspot\share\prims\jni.cpp, line 516]
Event: 5199.350 Thread 0x00000175c8dcb770 Exception <a 'sun/nio/fs/WindowsException'{0x00000000eab65358}> (0x00000000eab65358) 
thrown [s\src\hotspot\share\prims\jni.cpp, line 516]
Event: 5203.180 Thread 0x00000175c8dcb770 Exception <a 'sun/nio/fs/WindowsException'{0x00000000eabb0ba8}> (0x00000000eabb0ba8) 
thrown [s\src\hotspot\share\prims\jni.cpp, line 516]
Event: 5203.231 Thread 0x00000175c8dcb770 Exception <a 'sun/nio/fs/WindowsException'{0x00000000eabfaea8}> (0x00000000eabfaea8) 
thrown [s\src\hotspot\share\prims\jni.cpp, line 516]
Event: 5204.762 Thread 0x00000175d752e9f0 Implicit null exception at 0x00000175b7445092 to 0x00000175b7448190
Event: 5207.517 Thread 0x00000175c8dcb770 Exception <a 'sun/nio/fs/WindowsException'{0x00000000eabdbea0}> (0x00000000eabdbea0) 
thrown [s\src\hotspot\share\prims\jni.cpp, line 516]
Event: 5207.567 Thread 0x00000175c8dcb770 Exception <a 'sun/nio/fs/WindowsException'{0x00000000eacea0b8}> (0x00000000eacea0b8) 
thrown [s\src\hotspot\share\prims\jni.cpp, line 516]
Event: 5209.174 Thread 0x00000175c8dcb770 Exception <a 'sun/nio/fs/WindowsException'{0x00000000eab29528}> (0x00000000eab29528) 
thrown [s\src\hotspot\share\prims\jni.cpp, line 516]

VM Operations (20 events):
Event: 5207.570 Executing VM operation: ParallelGCFailedAllocation done
Event: 5207.614 Executing VM operation: ParallelGCFailedAllocation
Event: 5207.617 Executing VM operation: ParallelGCFailedAllocation done
Event: 5207.623 Executing VM operation: ParallelGCFailedAllocation
Event: 5207.623 Executing VM operation: ParallelGCFailedAllocation done
Event: 5207.728 Executing VM operation: ParallelGCFailedAllocation
Event: 5207.729 Executing VM operation: ParallelGCFailedAllocation done
Event: 5207.965 Executing VM operation: ParallelGCFailedAllocation
Event: 5207.967 Executing VM operation: ParallelGCFailedAllocation done
Event: 5208.205 Executing VM operation: ParallelGCFailedAllocation
Event: 5208.206 Executing VM operation: ParallelGCFailedAllocation done
Event: 5208.612 Executing VM operation: ParallelGCFailedAllocation
Event: 5208.612 Executing VM operation: ParallelGCFailedAllocation done
Event: 5209.172 Executing VM operation: ParallelGCFailedAllocation
Event: 5209.173 Executing VM operation: ParallelGCFailedAllocation done
Event: 5209.177 Executing VM operation: ParallelGCFailedAllocation
Event: 5209.178 Executing VM operation: ParallelGCFailedAllocation done
Event: 5209.179 Executing VM operation: ParallelGCFailedAllocation
Event: 5209.180 Executing VM operation: ParallelGCFailedAllocation done
Event: 5209.181 Executing VM operation: ParallelGCFailedAllocation

Memory protections (0 events):
No events

Nmethod flushes (20 events):
Event: 5071.929 Thread 0x00000175c57c84f0 flushing  nmethod 0x00000175b13e4810
Event: 5071.930 Thread 0x00000175c57c84f0 flushing  nmethod 0x00000175b1552b10
Event: 5071.930 Thread 0x00000175c57c84f0 flushing  nmethod 0x00000175b1555090
Event: 5071.930 Thread 0x00000175c57c84f0 flushing  nmethod 0x00000175b164ca90
Event: 5071.930 Thread 0x00000175c57c84f0 flushing  nmethod 0x00000175b1659a10
Event: 5071.930 Thread 0x00000175c57c84f0 flushing  nmethod 0x00000175b1670210
Event: 5071.930 Thread 0x00000175c57c84f0 flushing  nmethod 0x00000175b1670b10
Event: 5071.930 Thread 0x00000175c57c84f0 flushing  nmethod 0x00000175b1721190
Event: 5071.930 Thread 0x00000175c57c84f0 flushing  nmethod 0x00000175b17cf810
Event: 5071.930 Thread 0x00000175c57c84f0 flushing  nmethod 0x00000175b188c210
Event: 5071.930 Thread 0x00000175c57c84f0 flushing  nmethod 0x00000175b1899090
Event: 5071.931 Thread 0x00000175c57c84f0 flushing  nmethod 0x00000175b190f490
Event: 5071.931 Thread 0x00000175c57c84f0 flushing osr nmethod 0x00000175b191c790
Event: 5071.931 Thread 0x00000175c57c84f0 flushing  nmethod 0x00000175b1922290
Event: 5192.333 Thread 0x00000175c57c84f0 flushing  nmethod 0x00000175b6fd8290
Event: 5192.335 Thread 0x00000175c57c84f0 flushing  nmethod 0x00000175b7538e10
Event: 5192.337 Thread 0x00000175c57c84f0 flushing  nmethod 0x00000175b7d2b110
Event: 5192.338 Thread 0x00000175c57c84f0 flushing  nmethod 0x00000175b7f53290
Event: 5192.338 Thread 0x00000175c57c84f0 flushing  nmethod 0x00000175b7f57c90
Event: 5192.340 Thread 0x00000175c57c84f0 flushing  nmethod 0x00000175af80f710

Events (20 events):
Event: 5187.209 Thread 0x00000175cbc49da0 Thread exited: 0x00000175cbc49da0
Event: 5187.209 Thread 0x00000175cbc49850 Thread exited: 0x00000175cbc49850
Event: 5188.099 Thread 0x00000175cbc47870 Thread added: 0x00000175cbc48310
Event: 5188.099 Thread 0x00000175cbc47870 Thread added: 0x00000175cbc49850
Event: 5188.297 Thread 0x00000175cbc49850 Thread exited: 0x00000175cbc49850
Event: 5188.297 Thread 0x00000175cbc48310 Thread exited: 0x00000175cbc48310
Event: 5189.996 Thread 0x00000175cbc47870 Thread exited: 0x00000175cbc47870
Event: 5192.291 Thread 0x00000175c57be240 Thread added: 0x00000175cbc47870
Event: 5192.291 Thread 0x00000175c57be240 Thread added: 0x00000175cbc49850
Event: 5192.291 Thread 0x00000175c57be240 Thread added: 0x00000175cbc48310
Event: 5192.323 Thread 0x00000175ca338570 Thread added: 0x00000175c7f9e0c0
Event: 5192.646 Thread 0x00000175cbc48310 Thread exited: 0x00000175cbc48310
Event: 5192.853 Thread 0x00000175cbc49850 Thread exited: 0x00000175cbc49850
Event: 5192.866 Thread 0x00000175c57c53c0 Thread added: 0x00000175cbc48310
Event: 5192.912 Thread 0x00000175c57c53c0 Thread added: 0x00000175cbc49850
Event: 5193.207 Thread 0x00000175cbc49850 Thread exited: 0x00000175cbc49850
Event: 5193.365 Thread 0x00000175cbc48310 Thread added: 0x00000175cbc49850
Event: 5193.761 Thread 0x00000175cbc49850 Thread exited: 0x00000175cbc49850
Event: 5193.932 Thread 0x00000175cbc47870 Thread exited: 0x00000175cbc47870
Event: 5194.758 Thread 0x00000175cbc48310 Thread exited: 0x00000175cbc48310


Dynamic libraries:
0x00007ff62fb60000 - 0x00007ff62fb6e000 	c:\Users\E2Ps ICT\.vscode\extensions\redhat.java-1.37.0-win32-x64\jre\17.0.13-win32-x86_64\bin\java.exe
0x00007ff8acb70000 - 0x00007ff8acd87000 	C:\WINDOWS\SYSTEM32\ntdll.dll
0x00007ff8abb60000 - 0x00007ff8abc24000 	C:\WINDOWS\System32\KERNEL32.DLL
0x00007ff8aa2c0000 - 0x00007ff8aa679000 	C:\WINDOWS\System32\KERNELBASE.dll
0x00007ff8a9ea0000 - 0x00007ff8a9fb1000 	C:\WINDOWS\System32\ucrtbase.dll
0x00007ff898930000 - 0x00007ff898947000 	c:\Users\E2Ps ICT\.vscode\extensions\redhat.java-1.37.0-win32-x64\jre\17.0.13-win32-x86_64\bin\jli.dll
0x00007ff898910000 - 0x00007ff89892e000 	c:\Users\E2Ps ICT\.vscode\extensions\redhat.java-1.37.0-win32-x64\jre\17.0.13-win32-x86_64\bin\VCRUNTIME140.dll
0x00007ff8ab350000 - 0x00007ff8ab4fe000 	C:\WINDOWS\System32\USER32.dll
0x00007ff889c80000 - 0x00007ff889f12000 	C:\WINDOWS\WinSxS\amd64_microsoft.windows.common-controls_6595b64144ccf1df_6.0.22621.4391_none_2715d37f73803e96\COMCTL32.dll
0x00007ff8aa7e0000 - 0x00007ff8aa806000 	C:\WINDOWS\System32\win32u.dll
0x00007ff8ab8f0000 - 0x00007ff8ab997000 	C:\WINDOWS\System32\msvcrt.dll
0x00007ff8ab8c0000 - 0x00007ff8ab8e9000 	C:\WINDOWS\System32\GDI32.dll
0x00007ff8a9fc0000 - 0x00007ff8aa0db000 	C:\WINDOWS\System32\gdi32full.dll
0x00007ff8aa740000 - 0x00007ff8aa7da000 	C:\WINDOWS\System32\msvcp_win.dll
0x00007ff8ac6e0000 - 0x00007ff8ac711000 	C:\WINDOWS\System32\IMM32.DLL
0x00007ff89e880000 - 0x00007ff89e88c000 	c:\Users\E2Ps ICT\.vscode\extensions\redhat.java-1.37.0-win32-x64\jre\17.0.13-win32-x86_64\bin\vcruntime140_1.dll
0x00007ff85b110000 - 0x00007ff85b19d000 	c:\Users\E2Ps ICT\.vscode\extensions\redhat.java-1.37.0-win32-x64\jre\17.0.13-win32-x86_64\bin\msvcp140.dll
0x00007ff849c70000 - 0x00007ff84a8db000 	c:\Users\E2Ps ICT\.vscode\extensions\redhat.java-1.37.0-win32-x64\jre\17.0.13-win32-x86_64\bin\server\jvm.dll
0x00007ff8abc40000 - 0x00007ff8abcf2000 	C:\WINDOWS\System32\ADVAPI32.dll
0x00007ff8ac7d0000 - 0x00007ff8ac877000 	C:\WINDOWS\System32\sechost.dll
0x00007ff8a9e70000 - 0x00007ff8a9e98000 	C:\WINDOWS\System32\bcrypt.dll
0x00007ff8ac5b0000 - 0x00007ff8ac6c4000 	C:\WINDOWS\System32\RPCRT4.dll
0x00007ff8acab0000 - 0x00007ff8acb21000 	C:\WINDOWS\System32\WS2_32.dll
0x00007ff8a9780000 - 0x00007ff8a97cd000 	C:\WINDOWS\SYSTEM32\POWRPROF.dll
0x00007ff89f090000 - 0x00007ff89f0c4000 	C:\WINDOWS\SYSTEM32\WINMM.dll
0x00007ff897d70000 - 0x00007ff897d7a000 	C:\WINDOWS\SYSTEM32\VERSION.dll
0x00007ff8a9380000 - 0x00007ff8a9393000 	C:\WINDOWS\SYSTEM32\UMPDC.dll
0x00007ff8a8840000 - 0x00007ff8a8858000 	C:\WINDOWS\SYSTEM32\kernel.appcore.dll
0x00007ff883dd0000 - 0x00007ff883dda000 	c:\Users\E2Ps ICT\.vscode\extensions\redhat.java-1.37.0-win32-x64\jre\17.0.13-win32-x86_64\bin\jimage.dll
0x00007ff8a97d0000 - 0x00007ff8a9a02000 	C:\WINDOWS\SYSTEM32\DBGHELP.DLL
0x00007ff8abd10000 - 0x00007ff8ac09f000 	C:\WINDOWS\System32\combase.dll
0x00007ff8aa8a0000 - 0x00007ff8aa977000 	C:\WINDOWS\System32\OLEAUT32.dll
0x00007ff8a9670000 - 0x00007ff8a96a2000 	C:\WINDOWS\SYSTEM32\dbgcore.DLL
0x00007ff8aa810000 - 0x00007ff8aa88b000 	C:\WINDOWS\System32\bcryptPrimitives.dll
0x00007ff877050000 - 0x00007ff87705e000 	c:\Users\E2Ps ICT\.vscode\extensions\redhat.java-1.37.0-win32-x64\jre\17.0.13-win32-x86_64\bin\instrument.dll
0x00007ff862b00000 - 0x00007ff862b25000 	c:\Users\E2Ps ICT\.vscode\extensions\redhat.java-1.37.0-win32-x64\jre\17.0.13-win32-x86_64\bin\java.dll
0x00007ff877030000 - 0x00007ff877048000 	c:\Users\E2Ps ICT\.vscode\extensions\redhat.java-1.37.0-win32-x64\jre\17.0.13-win32-x86_64\bin\zip.dll
0x00007ff8aa980000 - 0x00007ff8ab1f6000 	C:\WINDOWS\System32\SHELL32.dll
0x00007ff8a76c0000 - 0x00007ff8a7fc3000 	C:\WINDOWS\SYSTEM32\windows.storage.dll
0x00007ff8a7580000 - 0x00007ff8a76bf000 	C:\WINDOWS\SYSTEM32\wintypes.dll
0x00007ff8ab200000 - 0x00007ff8ab2f9000 	C:\WINDOWS\System32\SHCORE.dll
0x00007ff8ab860000 - 0x00007ff8ab8be000 	C:\WINDOWS\System32\shlwapi.dll
0x00007ff8a9da0000 - 0x00007ff8a9dcb000 	C:\WINDOWS\SYSTEM32\profapi.dll
0x00007ff860bf0000 - 0x00007ff860c09000 	C:\Users\E2Ps ICT\.vscode\extensions\redhat.java-1.37.0-win32-x64\jre\17.0.13-win32-x86_64\bin\net.dll
0x00007ff8a3a80000 - 0x00007ff8a3bb6000 	C:\WINDOWS\SYSTEM32\WINHTTP.dll
0x00007ff8a8c70000 - 0x00007ff8a8cd9000 	C:\WINDOWS\system32\mswsock.dll
0x00007ff85ada0000 - 0x00007ff85adb6000 	C:\Users\E2Ps ICT\.vscode\extensions\redhat.java-1.37.0-win32-x64\jre\17.0.13-win32-x86_64\bin\nio.dll
0x00007ff876020000 - 0x00007ff876030000 	c:\Users\E2Ps ICT\.vscode\extensions\redhat.java-1.37.0-win32-x64\jre\17.0.13-win32-x86_64\bin\verify.dll
0x00007ff85ad00000 - 0x00007ff85ad45000 	C:\Users\E2Ps ICT\AppData\Roaming\Code\User\globalStorage\redhat.java\1.37.0\config_win\org.eclipse.equinox.launcher\org.eclipse.equinox.launcher.win32.win32.x86_64_1.2.1100.v20240722-2106\eclipse_11904.dll
0x00007ff8ac8a0000 - 0x00007ff8aca45000 	C:\WINDOWS\System32\ole32.dll
0x00007ff8a9b10000 - 0x00007ff8a9b2b000 	C:\WINDOWS\SYSTEM32\CRYPTSP.dll
0x00007ff8a87a0000 - 0x00007ff8a87d5000 	C:\WINDOWS\system32\rsaenh.dll
0x00007ff8a8d60000 - 0x00007ff8a8d88000 	C:\WINDOWS\SYSTEM32\USERENV.dll
0x00007ff8a8f00000 - 0x00007ff8a8f0c000 	C:\WINDOWS\SYSTEM32\CRYPTBASE.dll
0x00007ff8a82b0000 - 0x00007ff8a82dd000 	C:\WINDOWS\SYSTEM32\IPHLPAPI.DLL
0x00007ff8aa890000 - 0x00007ff8aa899000 	C:\WINDOWS\System32\NSI.dll
0x00007ff8a3c40000 - 0x00007ff8a3c59000 	C:\WINDOWS\SYSTEM32\dhcpcsvc6.DLL
0x00007ff8a3980000 - 0x00007ff8a399f000 	C:\WINDOWS\SYSTEM32\dhcpcsvc.DLL
0x00007ff8a8320000 - 0x00007ff8a8422000 	C:\WINDOWS\SYSTEM32\DNSAPI.dll
0x00007ff85ac60000 - 0x00007ff85aca9000 	C:\Users\E2Ps ICT\AppData\Local\Temp\jna--477064758\jna3267053210483212042.dll
0x00007ff8abd00000 - 0x00007ff8abd08000 	C:\WINDOWS\System32\PSAPI.DLL
0x00007ff85a870000 - 0x00007ff85a87e000 	C:\Users\E2Ps ICT\.vscode\extensions\redhat.java-1.37.0-win32-x64\jre\17.0.13-win32-x86_64\bin\sunmscapi.dll
0x00007ff8aa150000 - 0x00007ff8aa2b6000 	C:\WINDOWS\System32\CRYPT32.dll
0x00007ff8a9350000 - 0x00007ff8a937d000 	C:\WINDOWS\SYSTEM32\ncrypt.dll
0x00007ff8a9310000 - 0x00007ff8a9347000 	C:\WINDOWS\SYSTEM32\NTASN1.dll
0x00007ff8a26a0000 - 0x00007ff8a26aa000 	C:\Windows\System32\rasadhlp.dll
0x00007ff8a3050000 - 0x00007ff8a30d3000 	C:\WINDOWS\System32\fwpuclnt.dll
0x00007ff859f70000 - 0x00007ff859f79000 	C:\Users\E2Ps ICT\.vscode\extensions\redhat.java-1.37.0-win32-x64\jre\17.0.13-win32-x86_64\bin\extnet.dll
0x00007ff8a9740000 - 0x00007ff8a9774000 	C:\WINDOWS\SYSTEM32\ntmarta.dll

dbghelp: loaded successfully - version: 4.0.5 - missing functions: none
symbol engine: initialized successfully - sym options: 0x614 - pdb path: .;c:\Users\E2Ps ICT\.vscode\extensions\redhat.java-1.37.0-win32-x64\jre\17.0.13-win32-x86_64\bin;C:\WINDOWS\SYSTEM32;C:\WINDOWS\WinSxS\amd64_microsoft.windows.common-controls_6595b64144ccf1df_6.0.22621.4391_none_2715d37f73803e96;c:\Users\E2Ps ICT\.vscode\extensions\redhat.java-1.37.0-win32-x64\jre\17.0.13-win32-x86_64\bin\server;C:\Users\E2Ps ICT\AppData\Roaming\Code\User\globalStorage\redhat.java\1.37.0\config_win\org.eclipse.equinox.launcher\org.eclipse.equinox.launcher.win32.win32.x86_64_1.2.1100.v20240722-2106;C:\Users\E2Ps ICT\AppData\Local\Temp\jna--477064758

VM Arguments:
jvm_args: --add-modules=ALL-SYSTEM --add-opens=java.base/java.util=ALL-UNNAMED --add-opens=java.base/java.lang=ALL-UNNAMED --add-opens=java.base/sun.nio.fs=ALL-UNNAMED -Declipse.application=org.eclipse.jdt.ls.core.id1 -Dosgi.bundles.defaultStartLevel=4 -Declipse.product=org.eclipse.jdt.ls.core.product -Djava.import.generatesMetadataFilesAtProjectRoot=false -DDetectVMInstallationsJob.disabled=true -Dfile.encoding=utf8 -XX:+UseParallelGC -XX:GCTimeRatio=4 -XX:AdaptiveSizePolicyWeight=90 -Dsun.zip.disableMemoryMapping=true -Xmx1G -Xms100m -Xlog:disable -javaagent:c:\Users\E2Ps ICT\.vscode\extensions\redhat.java-1.37.0-win32-x64\lombok\lombok-1.18.34.jar -XX:+HeapDumpOnOutOfMemoryError -XX:HeapDumpPath=c:\Users\E2Ps ICT\AppData\Roaming\Code\User\workspaceStorage\9a3eb8ab1db20d469196ac4ea7286abb\redhat.java -Daether.dependencyCollector.impl=bf 
java_command: c:\Users\E2Ps ICT\.vscode\extensions\redhat.java-1.37.0-win32-x64\server\plugins\org.eclipse.equinox.launcher_1.6.900.v20240613-2009.jar -configuration c:\Users\E2Ps ICT\AppData\Roaming\Code\User\globalStorage\redhat.java\1.37.0\config_win -data c:\Users\E2Ps ICT\AppData\Roaming\Code\User\workspaceStorage\9a3eb8ab1db20d469196ac4ea7286abb\redhat.java\jdt_ws --pipe=\\.\pipe\lsp-c9abfdfdff00ad5572113a12632c2457-sock
java_class_path (initial): c:\Users\E2Ps ICT\.vscode\extensions\redhat.java-1.37.0-win32-x64\server\plugins\org.eclipse.equinox.launcher_1.6.900.v20240613-2009.jar
Launcher Type: SUN_STANDARD

[Global flags]
    uintx AdaptiveSizePolicyWeight                 = 90                                        {product} {command line}
     intx CICompilerCount                          = 12                                        {product} {ergonomic}
    uintx GCTimeRatio                              = 4                                         {product} {command line}
     bool HeapDumpOnOutOfMemoryError               = true                                   {manageable} {command line}
    ccstr HeapDumpPath                             = c:\Users\E2Ps ICT\AppData\Roaming\Code\User\workspaceStorage\9a3eb8ab1db20d469196ac4ea7286abb\redhat.java         {manageable} {command line}
   size_t InitialHeapSize                          = 104857600                                 {product} {command line}
   size_t MaxHeapSize                              = 1073741824                                {product} {command line}
   size_t MaxNewSize                               = 357564416                                 {product} {ergonomic}
   size_t MinHeapDeltaBytes                        = 524288                                    {product} {ergonomic}
   size_t MinHeapSize                              = 104857600                                 {product} {command line}
   size_t NewSize                                  = 34603008                                  {product} {ergonomic}
    uintx NonNMethodCodeHeapSize                   = 7602480                                {pd product} {ergonomic}
    uintx NonProfiledCodeHeapSize                  = 122027880                              {pd product} {ergonomic}
   size_t OldSize                                  = 70254592                                  {product} {ergonomic}
    uintx ProfiledCodeHeapSize                     = 122027880                              {pd product} {ergonomic}
    uintx ReservedCodeCacheSize                    = 251658240                              {pd product} {ergonomic}
     bool SegmentedCodeCache                       = true                                      {product} {ergonomic}
   size_t SoftMaxHeapSize                          = 1073741824                             {manageable} {ergonomic}
     bool UseCompressedClassPointers               = true                           {product lp64_product} {ergonomic}
     bool UseCompressedOops                        = true                           {product lp64_product} {ergonomic}
     bool UseLargePagesIndividualAllocation        = false                                  {pd product} {ergonomic}
     bool UseParallelGC                            = true                                      {product} {command line}

Logging:
Log output configuration:
 #0: stdout all=off uptime,level,tags
 #1: stderr all=off uptime,level,tags

Environment Variables:
JAVA_HOME=C:\Program Files\Eclipse Adoptium\jdk-21.0.4.7-hotspot\
PATH=C:\Program Files\Eclipse Adoptium\jdk-21.0.4.7-hotspot\bin;C:\Program Files\Eclipse Adoptium\jre-17.0.12.7-hotspot\bin;C:\Program Files\Eclipse Adoptium\jdk-17.0.12.7-hotspot\bin;C:\WINDOWS\system32;C:\WINDOWS;C:\WINDOWS\System32\Wbem;C:\WINDOWS\System32\WindowsPowerShell\v1.0\;C:\WINDOWS\System32\OpenSSH\;C:\Program Files\apache-maven-3.9.9\bin;C:\Program Files\Git\cmd;C:\Users\E2Ps ICT\AppData\Local\Microsoft\WindowsApps;C:\Users\E2Ps ICT\AppData\Local\Programs\Microsoft VS Code\bin
USERNAME=E2Ps ICT
OS=Windows_NT
PROCESSOR_IDENTIFIER=Intel64 Family 6 Model 151 Stepping 2, GenuineIntel
TMP=C:\Users\E2PSIC~1\AppData\Local\Temp
TEMP=C:\Users\E2PSIC~1\AppData\Local\Temp



Periodic native trim disabled


---------------  S Y S T E M  ---------------

OS:
 Windows 11 , 64 bit Build 22621 (10.0.22621.4391)
OS uptime: 4 days 22:56 hours

CPU: total 20 (initial active 20) (10 cores per cpu, 2 threads per core) family 6 model 151 stepping 2 microcode 0x26, cx8, cmov, fxsr, ht, mmx, 3dnowpref, sse, sse2, sse3, ssse3, sse4.1, sse4.2, popcnt, lzcnt, tsc, tscinvbit, avx, avx2, aes, erms, clmul, bmi1, bmi2, adx, sha, fma, vzeroupper, clflush, clflushopt, clwb
Processor Information for all 20 processors :
  Max Mhz: 3600, Current Mhz: 3600, Mhz Limit: 3600

Memory: 4k page, system-wide physical 32538M (22311M free)
TotalPageFile size 37402M (AvailPageFile size 26049M)
current process WorkingSet (physical memory assigned to process): 737M, peak: 914M
current process commit charge ("private bytes"): 646M, peak: 863M

vm_info: OpenJDK 64-Bit Server VM (17.0.13+11) for windows-amd64 JRE (17.0.13+11), built on Oct 16 2024 00:10:08 by "admin" with MS VC++ 17.7 (VS2022)

END.
